        -:    0:Source:/mnt/c/Users/michciu_/Documents/Projects/C++/bubble sort/main.cpp
        -:    0:Graph:/mnt/c/Users/michciu_/Documents/Projects/C++/bubble sort/cmake-build-debug-coverage/CMakeFiles/bubble_sort.dir/main.cpp.gcno
        -:    0:Data:/mnt/c/Users/michciu_/Documents/Projects/C++/bubble sort/cmake-build-debug-coverage/CMakeFiles/bubble_sort.dir/main.cpp.gcda
        -:    0:Runs:1
        -:    0:Programs:1
        -:    1:#include <iostream>
        2:    2:void tablePrint(int table[],int size){  //prints the content to the stdo
        2:    2-block  0
       16:    3:    for(int i = 0;i<size;++i){
        2:    3-block  0
       16:    3-block  1
       14:    4:        std::cout<<table[i]<<", ";
       14:    4-block  0
        -:    5:    }
        2:    6:    std::cout<<"\n";
        2:    6-block  0
        2:    7:}
        -:    8:
        1:    9:int main() {        //simple bubble sort implementation from wiki. Modified to sort in descending order.
        1:    9-block  0
        1:   10:    int dane_size = 7;
        1:   11:    int dane[7]={7,5,9,6,7,8,10};
        1:   12:    tablePrint(dane,dane_size);
        1:   12-block  0
        -:   13:    int swap;
        5:   14:   do{
        5:   14-block  0
       27:   15:       for(int i =0; i<dane_size-1; ++i){
        6:   15-block  0
       27:   15-block  1
       21:   15-block  2
       21:   16:           if(dane[i]<dane[i+1]){
       21:   16-block  0
       15:   17:               swap=dane[i];
       15:   18:               dane[i]=dane[i+1];
       15:   19:               dane[i+1]=swap;
       15:   19-block  0
        -:   20:           }
        6:   21:       }dane_size = dane_size-1;
        6:   22:   } while (dane_size>1);
        6:   22-block  0
        1:   23:   tablePrint(dane,7);
        1:   23-block  0
        1:   24:   return 0;
        1:   24-block  0
        1:   24-block  1
        4:   25:}
        1:   25-block  0
        1:   25-block  1
        1:   25-block  2
        1:   25-block  3
        1:   25-block  4
